2020-04-29 11:00:50,172 INFO 28829 [egg:logger] init all loggers with options: {"dir":"/Users/mw/egg-example/logs/example","encoding":"utf8","env":"local","level":"INFO","consoleLevel":"INFO","disableConsoleAfterReady":false,"outputJSON":false,"buffer":true,"appLogName":"example-web.log","coreLogName":"egg-web.log","agentLogName":"egg-agent.log","errorLogName":"common-error.log","coreLogger":{"consoleLevel":"WARN"},"allowDebugAtProd":false,"type":"application"}
2020-04-29 11:00:50,204 INFO 28829 [egg-multipart] stream mode enable
2020-04-29 11:00:50,395 INFO 28829 [egg-static] starting static serve /public/ -> /Users/mw/egg-example/app/public
2020-04-29 11:00:50,399 INFO 28829 [egg-security] use csrf middleware
2020-04-29 11:00:50,401 INFO 28829 [egg-security] use methodnoallow middleware
2020-04-29 11:00:50,403 INFO 28829 [egg-security] use noopen middleware
2020-04-29 11:00:50,406 INFO 28829 [egg-security] use nosniff middleware
2020-04-29 11:00:50,408 INFO 28829 [egg-security] use xssProtection middleware
2020-04-29 11:00:50,410 INFO 28829 [egg-security] use xframe middleware
2020-04-29 11:00:50,411 INFO 28829 [egg-security] use dta middleware
2020-04-29 11:00:50,411 INFO 28829 [egg-security] compose 7 middlewares into one security middleware
2020-04-29 11:00:50,422 INFO 28829 [egg:core] dump config after load, 4ms
2020-04-29 11:00:50,440 INFO 28829 [egg-watcher:application] watcher start success
2020-04-29 11:00:50,449 INFO 28829 [egg:core] dump config after ready, 6ms
2020-04-29 11:08:27,668 INFO 29627 [egg:logger] init all loggers with options: {"dir":"/Users/mw/egg-example/logs/example","encoding":"utf8","env":"local","level":"INFO","consoleLevel":"INFO","disableConsoleAfterReady":false,"outputJSON":false,"buffer":true,"appLogName":"example-web.log","coreLogName":"egg-web.log","agentLogName":"egg-agent.log","errorLogName":"common-error.log","coreLogger":{"consoleLevel":"WARN"},"allowDebugAtProd":false,"type":"application"}
2020-04-29 11:08:27,742 INFO 29627 [egg-multipart] stream mode enable
2020-04-29 11:08:27,966 INFO 29627 [egg-static] starting static serve /public/ -> /Users/mw/egg-example/app/public
2020-04-29 11:08:27,970 INFO 29627 [egg-security] use csrf middleware
2020-04-29 11:08:27,972 INFO 29627 [egg-security] use methodnoallow middleware
2020-04-29 11:08:27,974 INFO 29627 [egg-security] use noopen middleware
2020-04-29 11:08:27,976 INFO 29627 [egg-security] use nosniff middleware
2020-04-29 11:08:27,980 INFO 29627 [egg-security] use xssProtection middleware
2020-04-29 11:08:27,982 INFO 29627 [egg-security] use xframe middleware
2020-04-29 11:08:27,984 INFO 29627 [egg-security] use dta middleware
2020-04-29 11:08:27,984 INFO 29627 [egg-security] compose 7 middlewares into one security middleware
2020-04-29 11:08:27,997 INFO 29627 [egg:core] dump config after load, 6ms
2020-04-29 11:08:28,013 INFO 29627 [egg-watcher:application] watcher start success
2020-04-29 11:08:28,023 INFO 29627 [egg:core] dump config after ready, 5ms
2020-04-29 11:08:45,478 INFO 29661 [egg:logger] init all loggers with options: {"dir":"/Users/mw/egg-example/logs/example","encoding":"utf8","env":"local","level":"INFO","consoleLevel":"INFO","disableConsoleAfterReady":false,"outputJSON":false,"buffer":true,"appLogName":"example-web.log","coreLogName":"egg-web.log","agentLogName":"egg-agent.log","errorLogName":"common-error.log","coreLogger":{"consoleLevel":"WARN"},"allowDebugAtProd":false,"type":"application"}
2020-04-29 11:08:45,525 INFO 29661 [egg-multipart] stream mode enable
2020-04-29 11:08:45,719 INFO 29661 [egg-static] starting static serve /public/ -> /Users/mw/egg-example/app/public
2020-04-29 11:08:45,723 INFO 29661 [egg-security] use csrf middleware
2020-04-29 11:08:45,725 INFO 29661 [egg-security] use methodnoallow middleware
2020-04-29 11:08:45,728 INFO 29661 [egg-security] use noopen middleware
2020-04-29 11:08:45,730 INFO 29661 [egg-security] use nosniff middleware
2020-04-29 11:08:45,732 INFO 29661 [egg-security] use xssProtection middleware
2020-04-29 11:08:45,734 INFO 29661 [egg-security] use xframe middleware
2020-04-29 11:08:45,736 INFO 29661 [egg-security] use dta middleware
2020-04-29 11:08:45,736 INFO 29661 [egg-security] compose 7 middlewares into one security middleware
2020-04-29 11:08:45,747 INFO 29661 [egg:core] dump config after load, 5ms
2020-04-29 11:08:45,758 INFO 29661 [egg-watcher:application] watcher start success
2020-04-29 11:08:45,766 INFO 29661 [egg:core] dump config after ready, 5ms
2020-04-29 16:22:15,494 INFO 30832 [egg:logger] init all loggers with options: {"dir":"/Users/mw/egg-example/logs/example","encoding":"utf8","env":"local","level":"INFO","consoleLevel":"INFO","disableConsoleAfterReady":false,"outputJSON":false,"buffer":true,"appLogName":"example-web.log","coreLogName":"egg-web.log","agentLogName":"egg-agent.log","errorLogName":"common-error.log","coreLogger":{"consoleLevel":"WARN"},"allowDebugAtProd":false,"type":"application"}
2020-04-29 16:22:15,532 INFO 30832 [egg-multipart] stream mode enable
2020-04-29 16:22:15,585 INFO 30832 [egg-static] starting static serve /public/ -> /Users/mw/egg-example/app/public
2020-04-29 16:22:15,588 INFO 30832 [egg-security] use csrf middleware
2020-04-29 16:22:15,589 INFO 30832 [egg-security] use methodnoallow middleware
2020-04-29 16:22:15,590 INFO 30832 [egg-security] use noopen middleware
2020-04-29 16:22:15,591 INFO 30832 [egg-security] use nosniff middleware
2020-04-29 16:22:15,592 INFO 30832 [egg-security] use xssProtection middleware
2020-04-29 16:22:15,592 INFO 30832 [egg-security] use xframe middleware
2020-04-29 16:22:15,593 INFO 30832 [egg-security] use dta middleware
2020-04-29 16:22:15,593 INFO 30832 [egg-security] compose 7 middlewares into one security middleware
2020-04-29 16:22:15,605 INFO 30832 [egg:core] dump config after load, 7ms
2020-04-29 16:22:15,625 INFO 30832 [egg-watcher:application] watcher start success
2020-04-29 16:22:15,640 INFO 30832 [egg:core] dump config after ready, 10ms
2020-04-29 16:32:11,575 INFO 30887 [egg:logger] init all loggers with options: {"dir":"/Users/mw/egg-example/logs/example","encoding":"utf8","env":"local","level":"INFO","consoleLevel":"INFO","disableConsoleAfterReady":false,"outputJSON":false,"buffer":true,"appLogName":"example-web.log","coreLogName":"egg-web.log","agentLogName":"egg-agent.log","errorLogName":"common-error.log","coreLogger":{"consoleLevel":"WARN"},"allowDebugAtProd":false,"type":"application"}
2020-04-29 16:32:11,626 INFO 30887 [egg-multipart] stream mode enable
2020-04-29 16:32:11,831 INFO 30887 [egg-static] starting static serve /public/ -> /Users/mw/egg-example/app/public
2020-04-29 16:32:11,835 INFO 30887 [egg-security] use csrf middleware
2020-04-29 16:32:11,837 INFO 30887 [egg-security] use methodnoallow middleware
2020-04-29 16:32:11,839 INFO 30887 [egg-security] use noopen middleware
2020-04-29 16:32:11,841 INFO 30887 [egg-security] use nosniff middleware
2020-04-29 16:32:11,843 INFO 30887 [egg-security] use xssProtection middleware
2020-04-29 16:32:11,845 INFO 30887 [egg-security] use xframe middleware
2020-04-29 16:32:11,848 INFO 30887 [egg-security] use dta middleware
2020-04-29 16:32:11,848 INFO 30887 [egg-security] compose 7 middlewares into one security middleware
2020-04-29 16:32:11,858 INFO 30887 [egg:core] dump config after load, 5ms
2020-04-29 16:32:11,869 INFO 30887 [egg-watcher:application] watcher start success
2020-04-29 16:32:11,879 INFO 30887 [egg:core] dump config after ready, 7ms
2020-04-29 16:32:12,901 INFO 30889 [egg:logger] init all loggers with options: {"dir":"/Users/mw/egg-example/logs/example","encoding":"utf8","env":"local","level":"INFO","consoleLevel":"INFO","disableConsoleAfterReady":false,"outputJSON":false,"buffer":true,"appLogName":"example-web.log","coreLogName":"egg-web.log","agentLogName":"egg-agent.log","errorLogName":"common-error.log","coreLogger":{"consoleLevel":"WARN"},"allowDebugAtProd":false,"type":"application"}
2020-04-29 16:32:12,939 INFO 30889 [egg-multipart] stream mode enable
2020-04-29 16:32:13,003 INFO 30889 [egg-static] starting static serve /public/ -> /Users/mw/egg-example/app/public
2020-04-29 16:32:13,009 INFO 30889 [egg-security] use csrf middleware
2020-04-29 16:32:13,010 INFO 30889 [egg-security] use methodnoallow middleware
2020-04-29 16:32:13,010 INFO 30889 [egg-security] use noopen middleware
2020-04-29 16:32:13,011 INFO 30889 [egg-security] use nosniff middleware
2020-04-29 16:32:13,011 INFO 30889 [egg-security] use xssProtection middleware
2020-04-29 16:32:13,011 INFO 30889 [egg-security] use xframe middleware
2020-04-29 16:32:13,012 INFO 30889 [egg-security] use dta middleware
2020-04-29 16:32:13,012 INFO 30889 [egg-security] compose 7 middlewares into one security middleware
2020-04-29 16:32:13,024 INFO 30889 [egg:core] dump config after load, 7ms
2020-04-29 16:32:13,042 INFO 30889 [egg-watcher:application] watcher start success
2020-04-29 16:32:13,050 INFO 30889 [egg:core] dump config after ready, 6ms
2020-04-29 17:03:06,818 INFO 31006 [egg:logger] init all loggers with options: {"dir":"/Users/mw/egg-example/logs/example","encoding":"utf8","env":"local","level":"INFO","consoleLevel":"INFO","disableConsoleAfterReady":false,"outputJSON":false,"buffer":true,"appLogName":"example-web.log","coreLogName":"egg-web.log","agentLogName":"egg-agent.log","errorLogName":"common-error.log","coreLogger":{"consoleLevel":"WARN"},"allowDebugAtProd":false,"type":"application"}
2020-04-29 17:03:06,879 INFO 31006 [egg-multipart] stream mode enable
2020-04-29 17:03:07,093 INFO 31006 [egg-static] starting static serve /public/ -> /Users/mw/egg-example/app/public
2020-04-29 17:03:07,097 INFO 31006 [egg-security] use csrf middleware
2020-04-29 17:03:07,099 INFO 31006 [egg-security] use methodnoallow middleware
2020-04-29 17:03:07,101 INFO 31006 [egg-security] use noopen middleware
2020-04-29 17:03:07,103 INFO 31006 [egg-security] use nosniff middleware
2020-04-29 17:03:07,105 INFO 31006 [egg-security] use xssProtection middleware
2020-04-29 17:03:07,107 INFO 31006 [egg-security] use xframe middleware
2020-04-29 17:03:07,109 INFO 31006 [egg-security] use dta middleware
2020-04-29 17:03:07,109 INFO 31006 [egg-security] compose 7 middlewares into one security middleware
2020-04-29 17:03:07,121 INFO 31006 [egg:core] dump config after load, 7ms
2020-04-29 17:03:07,134 INFO 31006 [egg-watcher:application] watcher start success
2020-04-29 17:03:07,144 INFO 31006 [egg:core] dump config after ready, 8ms
2020-04-29 17:03:08,077 INFO 31008 [egg:logger] init all loggers with options: {"dir":"/Users/mw/egg-example/logs/example","encoding":"utf8","env":"local","level":"INFO","consoleLevel":"INFO","disableConsoleAfterReady":false,"outputJSON":false,"buffer":true,"appLogName":"example-web.log","coreLogName":"egg-web.log","agentLogName":"egg-agent.log","errorLogName":"common-error.log","coreLogger":{"consoleLevel":"WARN"},"allowDebugAtProd":false,"type":"application"}
2020-04-29 17:03:08,108 INFO 31008 [egg-multipart] stream mode enable
2020-04-29 17:03:08,151 INFO 31008 [egg-static] starting static serve /public/ -> /Users/mw/egg-example/app/public
2020-04-29 17:03:08,153 INFO 31008 [egg-security] use csrf middleware
2020-04-29 17:03:08,154 INFO 31008 [egg-security] use methodnoallow middleware
2020-04-29 17:03:08,155 INFO 31008 [egg-security] use noopen middleware
2020-04-29 17:03:08,155 INFO 31008 [egg-security] use nosniff middleware
2020-04-29 17:03:08,155 INFO 31008 [egg-security] use xssProtection middleware
2020-04-29 17:03:08,156 INFO 31008 [egg-security] use xframe middleware
2020-04-29 17:03:08,156 INFO 31008 [egg-security] use dta middleware
2020-04-29 17:03:08,156 INFO 31008 [egg-security] compose 7 middlewares into one security middleware
2020-04-29 17:03:08,165 INFO 31008 [egg:core] dump config after load, 5ms
2020-04-29 17:03:08,179 INFO 31008 [egg-watcher:application] watcher start success
2020-04-29 17:03:08,186 INFO 31008 [egg:core] dump config after ready, 5ms
2020-04-29 17:03:09,550 INFO 31009 [egg:logger] init all loggers with options: {"dir":"/Users/mw/egg-example/logs/example","encoding":"utf8","env":"local","level":"INFO","consoleLevel":"INFO","disableConsoleAfterReady":false,"outputJSON":false,"buffer":true,"appLogName":"example-web.log","coreLogName":"egg-web.log","agentLogName":"egg-agent.log","errorLogName":"common-error.log","coreLogger":{"consoleLevel":"WARN"},"allowDebugAtProd":false,"type":"application"}
2020-04-29 17:03:09,584 INFO 31009 [egg-multipart] stream mode enable
2020-04-29 17:03:09,636 INFO 31009 [egg-static] starting static serve /public/ -> /Users/mw/egg-example/app/public
2020-04-29 17:03:09,639 INFO 31009 [egg-security] use csrf middleware
2020-04-29 17:03:09,639 INFO 31009 [egg-security] use methodnoallow middleware
2020-04-29 17:03:09,640 INFO 31009 [egg-security] use noopen middleware
2020-04-29 17:03:09,640 INFO 31009 [egg-security] use nosniff middleware
2020-04-29 17:03:09,641 INFO 31009 [egg-security] use xssProtection middleware
2020-04-29 17:03:09,641 INFO 31009 [egg-security] use xframe middleware
2020-04-29 17:03:09,642 INFO 31009 [egg-security] use dta middleware
2020-04-29 17:03:09,642 INFO 31009 [egg-security] compose 7 middlewares into one security middleware
2020-04-29 17:03:09,652 INFO 31009 [egg:core] dump config after load, 6ms
2020-04-29 17:03:09,664 INFO 31009 [egg-watcher:application] watcher start success
2020-04-29 17:03:09,673 INFO 31009 [egg:core] dump config after ready, 6ms
